c:\users\patry\documents\projekty\biblioteka_numeryczna\examples\x64\debug\vc143.pdb
c:\users\patry\documents\projekty\biblioteka_numeryczna\examples\x64\debug\vc143.idb
c:\users\patry\documents\projekty\biblioteka_numeryczna\examples\x64\debug\examples.obj
c:\users\patry\documents\projekty\biblioteka_numeryczna\examples\x64\debug\przyklad_metoda_lu.obj
c:\users\patry\documents\projekty\biblioteka_numeryczna\examples\x64\debug\przyklad_interpolacja_newton.obj
c:\users\patry\documents\projekty\biblioteka_numeryczna\examples\x64\debug\przyklad_interpolacja_lagrange.obj
c:\users\patry\documents\projekty\biblioteka_numeryczna\examples\x64\debug\przyklad_gauss.obj
c:\users\patry\documents\projekty\biblioteka_numeryczna\examples\x64\debug\przyklad_calkowanie.obj
c:\users\patry\documents\projekty\biblioteka_numeryczna\examples\x64\debug\przyklad_aproksymacja.obj
c:\users\patry\documents\projekty\biblioteka_numeryczna\examples\x64\debug\przyklad_rownania_rozniczkowe.obj
c:\users\patry\documents\projekty\biblioteka_numeryczna\x64\debug\examples.pdb
c:\users\patry\documents\projekty\biblioteka_numeryczna\examples\x64\debug\examples.tlog\cl.command.1.tlog
c:\users\patry\documents\projekty\biblioteka_numeryczna\examples\x64\debug\examples.tlog\cl.read.1.tlog
c:\users\patry\documents\projekty\biblioteka_numeryczna\examples\x64\debug\examples.tlog\cl.write.1.tlog
c:\users\patry\documents\projekty\biblioteka_numeryczna\examples\x64\debug\examples.tlog\link-cvtres.read.1.tlog
c:\users\patry\documents\projekty\biblioteka_numeryczna\examples\x64\debug\examples.tlog\link-cvtres.write.1.tlog
c:\users\patry\documents\projekty\biblioteka_numeryczna\examples\x64\debug\examples.tlog\link-rc.read.1.tlog
c:\users\patry\documents\projekty\biblioteka_numeryczna\examples\x64\debug\examples.tlog\link-rc.write.1.tlog
c:\users\patry\documents\projekty\biblioteka_numeryczna\examples\x64\debug\examples.tlog\link.command.1.tlog
c:\users\patry\documents\projekty\biblioteka_numeryczna\examples\x64\debug\examples.tlog\link.read.1.tlog
c:\users\patry\documents\projekty\biblioteka_numeryczna\examples\x64\debug\examples.tlog\link.read.2.tlog
c:\users\patry\documents\projekty\biblioteka_numeryczna\examples\x64\debug\examples.tlog\link.read.3.tlog
c:\users\patry\documents\projekty\biblioteka_numeryczna\examples\x64\debug\examples.tlog\link.read.4.tlog
c:\users\patry\documents\projekty\biblioteka_numeryczna\examples\x64\debug\examples.tlog\link.write.1.tlog
