c:\users\patry\documents\projekty\biblioteka_numeryczna\biblioteka_numeryczna\x64\debug\biblioteka_numeryczna.pch
c:\users\patry\documents\projekty\biblioteka_numeryczna\x64\debug\biblioteka_numeryczna.pdb
c:\users\patry\documents\projekty\biblioteka_numeryczna\x64\debug\biblioteka_numeryczna.idb
c:\users\patry\documents\projekty\biblioteka_numeryczna\biblioteka_numeryczna\x64\debug\pch.obj
c:\users\patry\documents\projekty\biblioteka_numeryczna\biblioteka_numeryczna\x64\debug\rownania_rozniczkowe.obj
c:\users\patry\documents\projekty\biblioteka_numeryczna\biblioteka_numeryczna\x64\debug\metoda_lu.obj
c:\users\patry\documents\projekty\biblioteka_numeryczna\biblioteka_numeryczna\x64\debug\interpolacja_newton.obj
c:\users\patry\documents\projekty\biblioteka_numeryczna\biblioteka_numeryczna\x64\debug\interpolacja_lagrange.obj
c:\users\patry\documents\projekty\biblioteka_numeryczna\biblioteka_numeryczna\x64\debug\gauss.obj
c:\users\patry\documents\projekty\biblioteka_numeryczna\biblioteka_numeryczna\x64\debug\calkowanie.obj
c:\users\patry\documents\projekty\biblioteka_numeryczna\biblioteka_numeryczna\x64\debug\biblioteka_numeryczna.obj
c:\users\patry\documents\projekty\biblioteka_numeryczna\biblioteka_numeryczna\x64\debug\aproksymacja.obj
c:\users\patry\documents\projekty\biblioteka_numeryczna\x64\debug\biblioteka_numeryczna.lib
c:\users\patry\documents\projekty\biblioteka_numeryczna\biblioteka_numeryczna\x64\debug\bibliote.d91d47f2.tlog\cl.command.1.tlog
c:\users\patry\documents\projekty\biblioteka_numeryczna\biblioteka_numeryczna\x64\debug\bibliote.d91d47f2.tlog\cl.items.tlog
c:\users\patry\documents\projekty\biblioteka_numeryczna\biblioteka_numeryczna\x64\debug\bibliote.d91d47f2.tlog\cl.read.1.tlog
c:\users\patry\documents\projekty\biblioteka_numeryczna\biblioteka_numeryczna\x64\debug\bibliote.d91d47f2.tlog\cl.write.1.tlog
c:\users\patry\documents\projekty\biblioteka_numeryczna\biblioteka_numeryczna\x64\debug\bibliote.d91d47f2.tlog\lib-link.read.1.tlog
c:\users\patry\documents\projekty\biblioteka_numeryczna\biblioteka_numeryczna\x64\debug\bibliote.d91d47f2.tlog\lib-link.write.1.tlog
c:\users\patry\documents\projekty\biblioteka_numeryczna\biblioteka_numeryczna\x64\debug\bibliote.d91d47f2.tlog\lib.command.1.tlog
